#
# There is insufficient memory for the Java Runtime Environment to continue.
# Native memory allocation (malloc) failed to allocate 945376 bytes for Chunk::new
# Possible reasons:
#   The system is out of physical RAM or swap space
#   In 32 bit mode, the process size limit was hit
# Possible solutions:
#   Reduce memory load on the system
#   Increase physical memory or swap space
#   Check if swap backing store is full
#   Use 64 bit Java on a 64 bit OS
#   Decrease Java heap size (-Xmx/-Xms)
#   Decrease number of Java threads
#   Decrease Java thread stack sizes (-Xss)
#   Set larger code cache with -XX:ReservedCodeCacheSize=
# This output file may be truncated or incomplete.
#
#  Out of Memory Error (allocation.cpp:390), pid=13988, tid=0x0000000000000390
#
# JRE version: OpenJDK Runtime Environment (8.0_152-b01) (build 1.8.0_152-release-1343-b01)
# Java VM: OpenJDK 64-Bit Server VM (25.152-b01 mixed mode windows-amd64 compressed oops)
# Failed to write core dump. Minidumps are not enabled by default on client versions of Windows
#

---------------  T H R E A D  ---------------

Current thread (0x0000000018c7d800):  JavaThread "C2 CompilerThread0" daemon [_thread_in_native, id=912, stack(0x0000000019450000,0x0000000019550000)]

Stack: [0x0000000019450000,0x0000000019550000]
[error occurred during error reporting (printing stack bounds), id 0xc0000005]

Native frames: (J=compiled Java code, j=interpreted, Vv=VM code, C=native code)


Current CompileTask:
C2:1356624 18773       4       com.android.tools.r8.ir.optimize.CodeRewriter::rewriteMoveResult (444 bytes)


---------------  P R O C E S S  ---------------

Java Threads: ( => current thread )
  0x000000001a38c000 JavaThread "ForkJoinPool.commonPool-worker-2" daemon [_thread_in_Java, id=14188, stack(0x00000000299d0000,0x0000000029ad0000)]
  0x000000001a391800 JavaThread "ForkJoinPool.commonPool-worker-1" daemon [_thread_in_Java, id=12472, stack(0x0000000027bd0000,0x0000000027cd0000)]
  0x000000001a390800 JavaThread "ForkJoinPool.commonPool-worker-0" daemon [_thread_in_Java, id=18804, stack(0x0000000027ad0000,0x0000000027bd0000)]
  0x000000001e2e7000 JavaThread "Cache worker for Java compile cache (C:\Users\ellio\AndroidStudioProjects\BarcodeScanner\.gradle\5.1.1\javaCompile)" [_thread_blocked, id=21052, stack(0x00000000290d0000,0x00000000291d0000)]
  0x000000001e2e4000 JavaThread "Cache worker for Java compile cache (C:\Users\ellio\.gradle\caches\5.1.1\javaCompile)" [_thread_blocked, id=2700, stack(0x0000000026910000,0x0000000026a10000)]
  0x000000001e2e4800 JavaThread "stdout" daemon [_thread_in_native, id=20956, stack(0x0000000028fd0000,0x00000000290d0000)]
  0x000000001e2db800 JavaThread "stderr" daemon [_thread_in_native, id=18356, stack(0x0000000028ed0000,0x0000000028fd0000)]
  0x000000001e2e0000 JavaThread "stdout" daemon [_thread_in_native, id=21028, stack(0x0000000028dd0000,0x0000000028ed0000)]
  0x000000001e2e2800 JavaThread "stderr" daemon [_thread_in_native, id=5420, stack(0x0000000028cd0000,0x0000000028dd0000)]
  0x000000001e2df800 JavaThread "stdout" daemon [_thread_in_native, id=13876, stack(0x0000000028bd0000,0x0000000028cd0000)]
  0x000000001e2e1800 JavaThread "stderr" daemon [_thread_in_native, id=12276, stack(0x0000000028ad0000,0x0000000028bd0000)]
  0x000000001e2de000 JavaThread "stdout" daemon [_thread_in_native, id=17332, stack(0x00000000289d0000,0x0000000028ad0000)]
  0x000000001e2dd000 JavaThread "stderr" daemon [_thread_in_native, id=4736, stack(0x00000000288d0000,0x00000000289d0000)]
  0x000000001e2dc800 JavaThread "stdout" daemon [_thread_in_native, id=16924, stack(0x00000000287d0000,0x00000000288d0000)]
  0x000000001e2e1000 JavaThread "stderr" daemon [_thread_in_native, id=11296, stack(0x00000000286d0000,0x00000000287d0000)]
  0x000000001e2d8000 JavaThread "stdout" daemon [_thread_in_native, id=18824, stack(0x00000000285d0000,0x00000000286d0000)]
  0x000000001e2db000 JavaThread "stderr" daemon [_thread_in_native, id=18300, stack(0x00000000284d0000,0x00000000285d0000)]
  0x000000001e2d9800 JavaThread "stdout" daemon [_thread_in_native, id=18904, stack(0x00000000283d0000,0x00000000284d0000)]
  0x000000001e2da000 JavaThread "stderr" daemon [_thread_in_native, id=17040, stack(0x00000000282d0000,0x00000000283d0000)]
  0x000000001e2de800 JavaThread "pool-4-thread-1" [_thread_blocked, id=20824, stack(0x00000000280d0000,0x00000000281d0000)]
  0x000000001e2d8800 JavaThread "ForkJoinPool.commonPool-worker-7" daemon [_thread_in_Java, id=18980, stack(0x0000000027fd0000,0x00000000280d0000)]
  0x000000001f54f800 JavaThread "ForkJoinPool.commonPool-worker-6" daemon [_thread_blocked, id=452, stack(0x0000000027ed0000,0x0000000027fd0000)]
  0x000000001f550800 JavaThread "ForkJoinPool.commonPool-worker-5" daemon [_thread_in_Java, id=17016, stack(0x0000000027dd0000,0x0000000027ed0000)]
  0x000000001f54f000 JavaThread "ForkJoinPool.commonPool-worker-4" daemon [_thread_in_Java, id=15036, stack(0x0000000027cd0000,0x0000000027dd0000)]
  0x000000001f545800 JavaThread "Cache worker for execution history cache (C:\Users\ellio\AndroidStudioProjects\BarcodeScanner\.gradle\5.1.1\executionHistory)" [_thread_blocked, id=21428, stack(0x0000000026610000,0x0000000026710000)]
  0x000000001f546800 JavaThread "Execution worker for ':' Thread 7" [_thread_in_Java, id=16776, stack(0x0000000026510000,0x0000000026610000)]
  0x000000001f54a800 JavaThread "Execution worker for ':' Thread 6" [_thread_in_Java, id=21472, stack(0x0000000026410000,0x0000000026510000)]
  0x000000001f543800 JavaThread "Execution worker for ':' Thread 5" [_thread_in_Java, id=4364, stack(0x0000000026110000,0x0000000026210000)]
  0x000000001f542800 JavaThread "Execution worker for ':' Thread 4" [_thread_in_Java, id=12176, stack(0x0000000026010000,0x0000000026110000)]
  0x000000001f548000 JavaThread "Execution worker for ':' Thread 3" [_thread_blocked, id=13596, stack(0x0000000025f10000,0x0000000026010000)]
  0x000000001f549800 JavaThread "Execution worker for ':' Thread 2" [_thread_in_Java, id=20132, stack(0x0000000025e10000,0x0000000025f10000)]
  0x000000001f547000 JavaThread "Execution worker for ':'" [_thread_in_Java, id=7748, stack(0x0000000025d10000,0x0000000025e10000)]
  0x000000001f545000 JavaThread "Cache worker for file content cache (C:\Users\ellio\AndroidStudioProjects\BarcodeScanner\.gradle\5.1.1\fileContent)" [_thread_blocked, id=96, stack(0x0000000025b10000,0x0000000025c10000)]
  0x000000001f542000 JavaThread "Cache worker for file content cache (C:\Users\ellio\.gradle\caches\5.1.1\fileContent)" [_thread_blocked, id=8704, stack(0x0000000025a10000,0x0000000025b10000)]
  0x000000001f544000 JavaThread "Cache worker for Build Output Cleanup Cache (C:\Users\ellio\AndroidStudioProjects\BarcodeScanner\.gradle\buildOutputCleanup)" [_thread_blocked, id=20084, stack(0x00000000252a0000,0x00000000253a0000)]
  0x000000001ae65800 JavaThread "Build operations Thread 8" [_thread_blocked, id=9452, stack(0x0000000023e70000,0x0000000023f70000)]
  0x000000001ae62800 JavaThread "Build operations Thread 7" [_thread_blocked, id=9808, stack(0x0000000023570000,0x0000000023670000)]
  0x000000001ae61000 JavaThread "Build operations Thread 6" [_thread_blocked, id=17048, stack(0x0000000023470000,0x0000000023570000)]
  0x000000001b1c6800 JavaThread "Build operations Thread 5" [_thread_blocked, id=21948, stack(0x0000000023370000,0x0000000023470000)]
  0x000000001b1c5800 JavaThread "Build operations Thread 4" [_thread_blocked, id=16424, stack(0x0000000023270000,0x0000000023370000)]
  0x000000001b1c3800 JavaThread "Build operations Thread 3" [_thread_blocked, id=18324, stack(0x0000000023170000,0x0000000023270000)]
  0x000000001b1c5000 JavaThread "Build operations Thread 2" [_thread_blocked, id=4228, stack(0x0000000022cd0000,0x0000000022dd0000)]
  0x000000001b1c2800 JavaThread "Build operations" [_thread_blocked, id=17984, stack(0x0000000022bd0000,0x0000000022cd0000)]
  0x000000001b1c1000 JavaThread "Cache worker for cache directory md-rule (C:\Users\ellio\.gradle\caches\5.1.1\md-rule)" [_thread_blocked, id=10048, stack(0x0000000021660000,0x0000000021760000)]
  0x000000001b1b8000 JavaThread "Cache worker for cache directory md-supplier (C:\Users\ellio\.gradle\caches\5.1.1\md-supplier)" [_thread_blocked, id=8312, stack(0x0000000021560000,0x0000000021660000)]
  0x000000001b1b8800 JavaThread "Cache worker for file hash cache (C:\Users\ellio\AndroidStudioProjects\BarcodeScanner\.gradle\5.1.1\fileHashes)" [_thread_blocked, id=8596, stack(0x0000000021260000,0x0000000021360000)]
  0x000000001b1bf000 JavaThread "Thread-39" [_thread_blocked, id=17104, stack(0x000000001e940000,0x000000001ea40000)]
  0x000000001b1b7000 JavaThread "Stdin handler" [_thread_blocked, id=6324, stack(0x000000001c3a0000,0x000000001c4a0000)]
  0x000000001b1be000 JavaThread "Asynchronous log dispatcher for DefaultDaemonConnection: socket connection from /127.0.0.1:64714 to /127.0.0.1:64831" [_thread_blocked, id=17748, stack(0x000000001bba0000,0x000000001bca0000)]
  0x000000001b1bc800 JavaThread "Daemon worker Thread 2" [_thread_in_Java, id=15780, stack(0x000000001baa0000,0x000000001bba0000)]
  0x000000001b1bb800 JavaThread "Cancel handler" [_thread_blocked, id=21696, stack(0x00000000012e0000,0x00000000013e0000)]
  0x000000001b1bb000 JavaThread "Handler for socket connection from /127.0.0.1:64714 to /127.0.0.1:64831" [_thread_in_native, id=16848, stack(0x00000000011e0000,0x00000000012e0000)]
  0x000000001b1b9800 JavaThread "Daemon Thread 2" [_thread_blocked, id=10836, stack(0x0000000000fd0000,0x00000000010d0000)]
  0x000000001b1c4000 JavaThread "Memory manager" [_thread_blocked, id=11796, stack(0x0000000024170000,0x0000000024270000)]
  0x000000001ae63800 JavaThread "Cache worker for execution history cache (C:\Users\ellio\.gradle\caches\5.1.1\executionHistory)" [_thread_blocked, id=4912, stack(0x0000000022e70000,0x0000000022f70000)]
  0x000000001ae5f800 JavaThread "Cache worker for journal cache (C:\Users\ellio\.gradle\caches\journal-1)" [_thread_blocked, id=5116, stack(0x000000001c6a0000,0x000000001c7a0000)]
  0x000000001ae5f000 JavaThread "File lock request listener" [_thread_in_native, id=20380, stack(0x000000001c5a0000,0x000000001c6a0000)]
  0x000000001a75e800 JavaThread "Cache worker for file hash cache (C:\Users\ellio\.gradle\caches\5.1.1\fileHashes)" [_thread_blocked, id=5732, stack(0x000000001c4a0000,0x000000001c5a0000)]
  0x000000001ab8a000 JavaThread "Daemon periodic checks" [_thread_blocked, id=22372, stack(0x000000001b9a0000,0x000000001baa0000)]
  0x000000001ab2f000 JavaThread "Incoming local TCP Connector on port 64714" [_thread_in_native, id=13460, stack(0x000000001b760000,0x000000001b860000)]
  0x0000000018d1a800 JavaThread "Service Thread" daemon [_thread_blocked, id=16232, stack(0x0000000019850000,0x0000000019950000)]
  0x0000000016d6d800 JavaThread "C1 CompilerThread3" daemon [_thread_blocked, id=10568, stack(0x0000000019750000,0x0000000019850000)]
  0x0000000018c82800 JavaThread "C2 CompilerThread2" daemon [_thread_in_native, id=19256, stack(0x0000000019650000,0x0000000019750000)]
  0x0000000018c7f800 JavaThread "C2 CompilerThread1" daemon [_thread_in_native, id=3044, stack(0x0000000019550000,0x0000000019650000)]
=>0x0000000018c7d800 JavaThread "C2 CompilerThread0" daemon [_thread_in_native, id=912, stack(0x0000000019450000,0x0000000019550000)]
  0x0000000018c7b000 JavaThread "Attach Listener" daemon [_thread_blocked, id=1524, stack(0x0000000019350000,0x0000000019450000)]
  0x0000000018c86800 JavaThread "Signal Dispatcher" daemon [_thread_blocked, id=18708, stack(0x0000000019250000,0x0000000019350000)]
  0x0000000002f9e000 JavaThread "Finalizer" daemon [_thread_blocked, id=10736, stack(0x0000000019050000,0x0000000019150000)]
  0x0000000002f97000 JavaThread "Reference Handler" daemon [_thread_blocked, id=13480, stack(0x0000000018b50000,0x0000000018c50000)]
  0x0000000002e3e000 JavaThread "main" [_thread_blocked, id=16140, stack(0x0000000002ca0000,0x0000000002da0000)]

Other Threads:
  0x0000000016d56800 VMThread [stack: 0x0000000018a50000,0x0000000018b50000] [id=17872]
  0x0000000018c98800 WatcherThread [stack: 0x0000000019950000,0x0000000019a50000] [id=14784]

VM state:not at safepoint (normal execution)

VM Mutex/Monitor currently owned by a thread: None

Heap:
 PSYoungGen      total 431616K, used 28416K [0x00000000e0000000, 0x0000000100000000, 0x0000000100000000)
  eden space 404992K, 2% used [0x00000000e0000000,0x00000000e0b933f0,0x00000000f8b80000)
  from space 26624K, 62% used [0x00000000f8b80000,0x00000000f9bacd10,0x00000000fa580000)
  to   space 26112K, 0% used [0x00000000fe680000,0x00000000fe680000,0x0000000100000000)
 ParOldGen       total 177664K, used 70512K [0x00000000a0000000, 0x00000000aad80000, 0x00000000e0000000)
  object space 177664K, 39% used [0x00000000a0000000,0x00000000a44dc320,0x00000000aad80000)
 Metaspace       used 94691K, capacity 97960K, committed 99456K, reserved 1136640K
  class space    used 11894K, capacity 12542K, committed 12928K, reserved 1048576K

Card table byte_map: [0x0000000012360000,0x0000000012670000] byte_map_base: 0x0000000011e60000

Marking Bits: (ParMarkBitMap*) 0x000000006aff5aa0
 Begin Bits: [0x0000000013070000, 0x0000000014870000)
 End Bits:   [0x0000000014870000, 0x0000000016070000)

Polling page: 0x00000000014a0000

CodeCache: size=245760Kb used=49928Kb max_used=49949Kb free=195831Kb
 bounds [0x0000000002fa0000, 0x00000000060f0000, 0x0000000011fa0000]
 total_blobs=16249 nmethods=15337 adapters=823
 compilation: enabled

Compilation events (10 events):
Event: 1356.162 Thread 0x0000000016d6d800 18792       2       kotlin.text.StringsKt___StringsKt::take (90 bytes)
Event: 1356.163 Thread 0x0000000016d6d800 nmethod 18792 0x000000000548b590 code [0x000000000548b760, 0x000000000548bc18]
Event: 1356.180 Thread 0x0000000018c7f800 nmethod 18777 0x0000000003c833d0 code [0x0000000003c83580, 0x0000000003c84258]
Event: 1356.180 Thread 0x0000000018c7f800 18782       4       org.gradle.internal.snapshot.impl.DefaultFileSystemSnapshotter::snapshot (43 bytes)
Event: 1356.511 Thread 0x0000000018c7d800 nmethod 18720 0x0000000005ae7310 code [0x0000000005ae7820, 0x0000000005aebcb8]
Event: 1356.513 Thread 0x0000000018c7f800 nmethod 18782 0x0000000004f9f690 code [0x0000000004f9f8a0, 0x0000000004fa0360]
Event: 1356.514 Thread 0x0000000018c7f800 18182       4       java.lang.Iterable::forEach (39 bytes)
Event: 1356.514 Thread 0x0000000018c7d800 18773       4       com.android.tools.r8.ir.optimize.CodeRewriter::rewriteMoveResult (444 bytes)
Event: 1356.516 Thread 0x0000000018c7f800 nmethod 18182 0x000000000540f850 code [0x000000000540f9a0, 0x000000000540fab8]
Event: 1356.516 Thread 0x0000000018c7f800 18733       4       com.android.tools.r8.ir.optimize.PeepholeOptimizer::shareIdenticalBlockSuffix (683 bytes)

GC Heap History (10 events):
Event: 1352.927 GC heap before
{Heap before GC invocations=27 (full 4):
 PSYoungGen      total 273408K, used 247808K [0x00000000e0000000, 0x00000000f4a80000, 0x0000000100000000)
  eden space 247808K, 100% used [0x00000000e0000000,0x00000000ef200000,0x00000000ef200000)
  from space 25600K, 0% used [0x00000000f0d00000,0x00000000f0d00000,0x00000000f2600000)
  to   space 27648K, 0% used [0x00000000ef200000,0x00000000ef200000,0x00000000f0d00000)
 ParOldGen       total 177664K, used 64295K [0x00000000a0000000, 0x00000000aad80000, 0x00000000e0000000)
  object space 177664K, 36% used [0x00000000a0000000,0x00000000a3ec9ee0,0x00000000aad80000)
 Metaspace       used 94059K, capacity 97288K, committed 98944K, reserved 1134592K
  class space    used 11883K, capacity 12538K, committed 12928K, reserved 1048576K
Event: 1352.943 GC heap after
Heap after GC invocations=27 (full 4):
 PSYoungGen      total 275456K, used 5592K [0x00000000e0000000, 0x00000000f7b00000, 0x0000000100000000)
  eden space 247808K, 0% used [0x00000000e0000000,0x00000000e0000000,0x00000000ef200000)
  from space 27648K, 20% used [0x00000000ef200000,0x00000000ef776368,0x00000000f0d00000)
  to   space 28160K, 0% used [0x00000000f5f80000,0x00000000f5f80000,0x00000000f7b00000)
 ParOldGen       total 177664K, used 64295K [0x00000000a0000000, 0x00000000aad80000, 0x00000000e0000000)
  object space 177664K, 36% used [0x00000000a0000000,0x00000000a3ec9ee0,0x00000000aad80000)
 Metaspace       used 94059K, capacity 97288K, committed 98944K, reserved 1134592K
  class space    used 11883K, capacity 12538K, committed 12928K, reserved 1048576K
}
Event: 1353.514 GC heap before
{Heap before GC invocations=28 (full 4):
 PSYoungGen      total 275456K, used 253400K [0x00000000e0000000, 0x00000000f7b00000, 0x0000000100000000)
  eden space 247808K, 100% used [0x00000000e0000000,0x00000000ef200000,0x00000000ef200000)
  from space 27648K, 20% used [0x00000000ef200000,0x00000000ef776368,0x00000000f0d00000)
  to   space 28160K, 0% used [0x00000000f5f80000,0x00000000f5f80000,0x00000000f7b00000)
 ParOldGen       total 177664K, used 64295K [0x00000000a0000000, 0x00000000aad80000, 0x00000000e0000000)
  object space 177664K, 36% used [0x00000000a0000000,0x00000000a3ec9ee0,0x00000000aad80000)
 Metaspace       used 94340K, capacity 97594K, committed 99200K, reserved 1136640K
  class space    used 11883K, capacity 12539K, committed 12928K, reserved 1048576K
Event: 1353.543 GC heap after
Heap after GC invocations=28 (full 4):
 PSYoungGen      total 352768K, used 10574K [0x00000000e0000000, 0x00000000f7680000, 0x0000000100000000)
  eden space 329216K, 0% used [0x00000000e0000000,0x00000000e0000000,0x00000000f4180000)
  from space 23552K, 44% used [0x00000000f5f80000,0x00000000f69d3878,0x00000000f7680000)
  to   space 27136K, 0% used [0x00000000f4180000,0x00000000f4180000,0x00000000f5c00000)
 ParOldGen       total 177664K, used 64295K [0x00000000a0000000, 0x00000000aad80000, 0x00000000e0000000)
  object space 177664K, 36% used [0x00000000a0000000,0x00000000a3ec9ee0,0x00000000aad80000)
 Metaspace       used 94340K, capacity 97594K, committed 99200K, reserved 1136640K
  class space    used 11883K, capacity 12539K, committed 12928K, reserved 1048576K
}
Event: 1354.166 GC heap before
{Heap before GC invocations=29 (full 4):
 PSYoungGen      total 352768K, used 339790K [0x00000000e0000000, 0x00000000f7680000, 0x0000000100000000)
  eden space 329216K, 100% used [0x00000000e0000000,0x00000000f4180000,0x00000000f4180000)
  from space 23552K, 44% used [0x00000000f5f80000,0x00000000f69d3878,0x00000000f7680000)
  to   space 27136K, 0% used [0x00000000f4180000,0x00000000f4180000,0x00000000f5c00000)
 ParOldGen       total 177664K, used 64295K [0x00000000a0000000, 0x00000000aad80000, 0x00000000e0000000)
  object space 177664K, 36% used [0x00000000a0000000,0x00000000a3ec9ee0,0x00000000aad80000)
 Metaspace       used 94515K, capacity 97802K, committed 99456K, reserved 1136640K
  class space    used 11885K, capacity 12539K, committed 12928K, reserved 1048576K
Event: 1354.216 GC heap after
Heap after GC invocations=29 (full 4):
 PSYoungGen      total 356352K, used 14503K [0x00000000e0000000, 0x00000000fc200000, 0x0000000100000000)
  eden space 329216K, 0% used [0x00000000e0000000,0x00000000e0000000,0x00000000f4180000)
  from space 27136K, 53% used [0x00000000f4180000,0x00000000f4fa9f38,0x00000000f5c00000)
  to   space 26112K, 0% used [0x00000000fa880000,0x00000000fa880000,0x00000000fc200000)
 ParOldGen       total 177664K, used 64295K [0x00000000a0000000, 0x00000000aad80000, 0x00000000e0000000)
  object space 177664K, 36% used [0x00000000a0000000,0x00000000a3ec9ee0,0x00000000aad80000)
 Metaspace       used 94515K, capacity 97802K, committed 99456K, reserved 1136640K
  class space    used 11885K, capacity 12539K, committed 12928K, reserved 1048576K
}
Event: 1355.455 GC heap before
{Heap before GC invocations=30 (full 4):
 PSYoungGen      total 356352K, used 343719K [0x00000000e0000000, 0x00000000fc200000, 0x0000000100000000)
  eden space 329216K, 100% used [0x00000000e0000000,0x00000000f4180000,0x00000000f4180000)
  from space 27136K, 53% used [0x00000000f4180000,0x00000000f4fa9f38,0x00000000f5c00000)
  to   space 26112K, 0% used [0x00000000fa880000,0x00000000fa880000,0x00000000fc200000)
 ParOldGen       total 177664K, used 64295K [0x00000000a0000000, 0x00000000aad80000, 0x00000000e0000000)
  object space 177664K, 36% used [0x00000000a0000000,0x00000000a3ec9ee0,0x00000000aad80000)
 Metaspace       used 94550K, capacity 97874K, committed 99456K, reserved 1136640K
  class space    used 11885K, capacity 12539K, committed 12928K, reserved 1048576K
Event: 1355.487 GC heap after
Heap after GC invocations=30 (full 4):
 PSYoungGen      total 428544K, used 18239K [0x00000000e0000000, 0x00000000fbf80000, 0x0000000100000000)
  eden space 404992K, 0% used [0x00000000e0000000,0x00000000e0000000,0x00000000f8b80000)
  from space 23552K, 77% used [0x00000000fa880000,0x00000000fba4fd20,0x00000000fbf80000)
  to   space 26624K, 0% used [0x00000000f8b80000,0x00000000f8b80000,0x00000000fa580000)
 ParOldGen       total 177664K, used 64303K [0x00000000a0000000, 0x00000000aad80000, 0x00000000e0000000)
  object space 177664K, 36% used [0x00000000a0000000,0x00000000a3ecbee0,0x00000000aad80000)
 Metaspace       used 94550K, capacity 97874K, committed 99456K, reserved 1136640K
  class space    used 11885K, capacity 12539K, committed 12928K, reserved 1048576K
}
Event: 1356.257 GC heap before
{Heap before GC invocations=31 (full 4):
 PSYoungGen      total 428544K, used 423231K [0x00000000e0000000, 0x00000000fbf80000, 0x0000000100000000)
  eden space 404992K, 100% used [0x00000000e0000000,0x00000000f8b80000,0x00000000f8b80000)
  from space 23552K, 77% used [0x00000000fa880000,0x00000000fba4fd20,0x00000000fbf80000)
  to   space 26624K, 0% used [0x00000000f8b80000,0x00000000f8b80000,0x00000000fa580000)
 ParOldGen       total 177664K, used 64303K [0x00000000a0000000, 0x00000000aad80000, 0x00000000e0000000)
  object space 177664K, 36% used [0x00000000a0000000,0x00000000a3ecbee0,0x00000000aad80000)
 Metaspace       used 94691K, capacity 97960K, committed 99456K, reserved 1136640K
  class space    used 11894K, capacity 12542K, committed 12928K, reserved 1048576K
Event: 1356.500 GC heap after
Heap after GC invocations=31 (full 4):
 PSYoungGen      total 431616K, used 16563K [0x00000000e0000000, 0x0000000100000000, 0x0000000100000000)
  eden space 404992K, 0% used [0x00000000e0000000,0x00000000e0000000,0x00000000f8b80000)
  from space 26624K, 62% used [0x00000000f8b80000,0x00000000f9bacd10,0x00000000fa580000)
  to   space 26112K, 0% used [0x00000000fe680000,0x00000000fe680000,0x0000000100000000)
 ParOldGen       total 177664K, used 70512K [0x00000000a0000000, 0x00000000aad80000, 0x00000000e0000000)
  object space 177664K, 39% used [0x00000000a0000000,0x00000000a44dc320,0x00000000aad80000)
 Metaspace       used 94691K, capacity 97960K, committed 99456K, reserved 1136640K
  class space    used 11894K, capacity 12542K, committed 12928K, reserved 1048576K
}

Deoptimization events (10 events):
Event: 1352.620 Thread 0x000000001f542800 Uncommon trap: reason=class_check action=maybe_recompile pc=0x0000000005c8a9ec method=com.android.tools.r8.ir.conversion.IRBuilder.addDebugPosition(Lcom/android/tools/r8/ir/code/Position;)V @ 108
Event: 1352.653 Thread 0x000000001f547000 Uncommon trap: reason=class_check action=maybe_recompile pc=0x0000000005c745a4 method=com.android.tools.r8.ir.conversion.JarState$LocalsAtOffset.isLive(Lcom/android/tools/r8/ir/conversion/JarState$LocalNodeInfo;)Z @ 4
Event: 1352.880 Thread 0x000000001b1bc800 Uncommon trap: reason=unstable_if action=reinterpret pc=0x0000000005caf2a8 method=com.android.tools.r8.ir.regalloc.LinearScanRegisterAllocator.hasDedicatedMoveExceptionRegister()Z @ 9
Event: 1353.454 Thread 0x000000001f547000 Uncommon trap: reason=unstable_if action=reinterpret pc=0x0000000004778f14 method=java.util.Collections$SetFromMap.add(Ljava/lang/Object;)Z @ 13
Event: 1353.704 Thread 0x000000001f549800 Uncommon trap: reason=unstable_if action=reinterpret pc=0x0000000005eb51a0 method=java.util.HashMap.putVal(ILjava/lang/Object;Ljava/lang/Object;ZZ)Ljava/lang/Object; @ 109
Event: 1353.916 Thread 0x000000001f546800 Uncommon trap: reason=unstable_if action=reinterpret pc=0x000000000395308c method=java.util.concurrent.ConcurrentHashMap.computeIfAbsent(Ljava/lang/Object;Ljava/util/function/Function;)Ljava/lang/Object; @ 281
Event: 1354.073 Thread 0x000000001f542800 Uncommon trap: reason=unstable_if action=reinterpret pc=0x0000000005ec2474 method=com.android.tools.r8.it.unimi.dsi.fastutil.ints.Int2ReferenceOpenHashMap$MapEntrySet.contains(Ljava/lang/Object;)Z @ 184
Event: 1355.165 Thread 0x000000001f547000 Uncommon trap: reason=unstable_if action=reinterpret pc=0x00000000039e58dc method=java.util.LinkedHashMap.afterNodeInsertion(Z)V @ 18
Event: 1355.683 Thread 0x000000001b1bc800 Uncommon trap: reason=unstable_if action=reinterpret pc=0x0000000005ecf8ac method=java.util.TimSort.countRunAndMakeAscending([Ljava/lang/Object;IILjava/util/Comparator;)I @ 27
Event: 1355.851 Thread 0x000000001f54a800 Uncommon trap: reason=unstable_if action=reinterpret pc=0x0000000003274150 method=java.util.HashMap.resize()[Ljava/util/HashMap$Node; @ 206

Classes redefined (0 events):
No events

Internal exceptions (10 events):
Event: 1353.552 Thread 0x000000001f549800 Exception <a 'sun/nio/fs/WindowsException'> (0x00000000e0686200) thrown at [D:\src\AOSP-openjdk-cygwin\jdk8u\hotspot\src\share\vm\prims\jni.cpp, line 709]
Event: 1353.738 Thread 0x000000001f542800 Exception <a 'sun/nio/fs/WindowsException'> (0x00000000e6bb15b0) thrown at [D:\src\AOSP-openjdk-cygwin\jdk8u\hotspot\src\share\vm\prims\jni.cpp, line 709]
Event: 1353.748 Thread 0x000000001b1bc800 Exception <a 'sun/nio/fs/WindowsException'> (0x00000000e6ca2618) thrown at [D:\src\AOSP-openjdk-cygwin\jdk8u\hotspot\src\share\vm\prims\jni.cpp, line 709]
Event: 1353.899 Thread 0x000000001f542800 Exception <a 'sun/nio/fs/WindowsException'> (0x00000000ecd684b0) thrown at [D:\src\AOSP-openjdk-cygwin\jdk8u\hotspot\src\share\vm\prims\jni.cpp, line 709]
Event: 1354.091 Thread 0x000000001f54a800 Exception <a 'sun/nio/fs/WindowsException'> (0x00000000f25dd378) thrown at [D:\src\AOSP-openjdk-cygwin\jdk8u\hotspot\src\share\vm\prims\jni.cpp, line 709]
Event: 1354.857 Thread 0x000000001b1bc800 Exception <a 'sun/nio/fs/WindowsException'> (0x00000000e431f618) thrown at [D:\src\AOSP-openjdk-cygwin\jdk8u\hotspot\src\share\vm\prims\jni.cpp, line 709]
Event: 1355.021 Thread 0x000000001f54a800 Exception <a 'sun/nio/fs/WindowsException'> (0x00000000e6fcb7d8) thrown at [D:\src\AOSP-openjdk-cygwin\jdk8u\hotspot\src\share\vm\prims\jni.cpp, line 709]
Event: 1355.631 Thread 0x000000001f549800 Exception <a 'sun/nio/fs/WindowsException'> (0x00000000e35860a0) thrown at [D:\src\AOSP-openjdk-cygwin\jdk8u\hotspot\src\share\vm\prims\jni.cpp, line 709]
Event: 1355.731 Thread 0x000000001f548000 Exception <a 'sun/nio/fs/WindowsException'> (0x00000000e985ecb0) thrown at [D:\src\AOSP-openjdk-cygwin\jdk8u\hotspot\src\share\vm\prims\jni.cpp, line 709]
Event: 1355.731 Thread 0x000000001b1bc800 Exception <a 'sun/nio/fs/WindowsException'> (0x00000000e92112b8) thrown at [D:\src\AOSP-openjdk-cygwin\jdk8u\hotspot\src\share\vm\prims\jni.cpp, line 709]

Events (10 events):
Event: 1356.140 loading class com/android/build/gradle/internal/tasks/CheckDuplicateClassesDelegateKt$extractClasses$1$2 done
Event: 1356.142 loading class kotlin/streams/jdk8/StreamsKt
Event: 1356.142 loading class kotlin/streams/jdk8/StreamsKt done
Event: 1356.142 loading class kotlin/streams/jdk8/StreamsKt
Event: 1356.142 loading class kotlin/streams/jdk8/StreamsKt done
Event: 1356.150 Thread 0x000000001a390800 Thread added: 0x000000001a390800
Event: 1356.152 Thread 0x000000001a391800 Thread added: 0x000000001a391800
Event: 1356.161 Thread 0x000000001a38c000 Thread added: 0x000000001a38c000
Event: 1356.220 Executing VM operation: ParallelGCFailedAllocation
Event: 1356.500 Executing VM operation: ParallelGCFailedAllocation done


Dynamic libraries:
0x00007ff772a90000 - 0x00007ff772ac1000 	C:\Program Files\Android\Android Studio\jre\bin\java.exe
0x00007ff9a9020000 - 0x00007ff9a9210000 	C:\WINDOWS\SYSTEM32\ntdll.dll
0x00007ff9a7b90000 - 0x00007ff9a7c42000 	C:\WINDOWS\System32\KERNEL32.DLL
0x00007ff9a62c0000 - 0x00007ff9a6564000 	C:\WINDOWS\System32\KERNELBASE.dll
0x00007ff9a8a80000 - 0x00007ff9a8b23000 	C:\WINDOWS\System32\ADVAPI32.dll
0x00007ff9a7ea0000 - 0x00007ff9a7f3e000 	C:\WINDOWS\System32\msvcrt.dll
0x00007ff9a7e00000 - 0x00007ff9a7e97000 	C:\WINDOWS\System32\sechost.dll
0x00007ff9a8eb0000 - 0x00007ff9a8fd0000 	C:\WINDOWS\System32\RPCRT4.dll
0x00007ff9a7c50000 - 0x00007ff9a7de4000 	C:\WINDOWS\System32\USER32.dll
0x00007ff9a60f0000 - 0x00007ff9a6111000 	C:\WINDOWS\System32\win32u.dll
0x00007ff9a7b60000 - 0x00007ff9a7b86000 	C:\WINDOWS\System32\GDI32.dll
0x00007ff9a6120000 - 0x00007ff9a62b6000 	C:\WINDOWS\System32\gdi32full.dll
0x00007ff9a6e40000 - 0x00007ff9a6ede000 	C:\WINDOWS\System32\msvcp_win.dll
0x00007ff9a6ee0000 - 0x00007ff9a6fda000 	C:\WINDOWS\System32\ucrtbase.dll
0x00007ff989480000 - 0x00007ff989704000 	C:\WINDOWS\WinSxS\amd64_microsoft.windows.common-controls_6595b64144ccf1df_6.0.18362.959_none_e6c7bbbf130c62bb\COMCTL32.dll
0x00007ff9a7350000 - 0x00007ff9a7685000 	C:\WINDOWS\System32\combase.dll
0x00007ff9a6fe0000 - 0x00007ff9a7060000 	C:\WINDOWS\System32\bcryptPrimitives.dll
0x00007ff9a70d0000 - 0x00007ff9a70fe000 	C:\WINDOWS\System32\IMM32.DLL
0x000000006a670000 - 0x000000006a742000 	C:\Program Files\Android\Android Studio\jre\jre\bin\msvcr100.dll
0x000000006a830000 - 0x000000006b071000 	C:\Program Files\Android\Android Studio\jre\jre\bin\server\jvm.dll
0x00007ff9a7df0000 - 0x00007ff9a7df8000 	C:\WINDOWS\System32\PSAPI.DLL
0x00007ff992f80000 - 0x00007ff992f8a000 	C:\WINDOWS\SYSTEM32\VERSION.dll
0x00007ff9a0950000 - 0x00007ff9a0974000 	C:\WINDOWS\SYSTEM32\WINMM.dll
0x00007ff97f6e0000 - 0x00007ff97f6e9000 	C:\WINDOWS\SYSTEM32\WSOCK32.dll
0x00007ff9a04b0000 - 0x00007ff9a04dd000 	C:\WINDOWS\SYSTEM32\winmmbase.dll
0x00007ff9a8630000 - 0x00007ff9a869f000 	C:\WINDOWS\System32\WS2_32.dll
0x00007ff9a7060000 - 0x00007ff9a70aa000 	C:\WINDOWS\System32\cfgmgr32.dll
0x00007ff99a280000 - 0x00007ff99a28f000 	C:\Program Files\Android\Android Studio\jre\jre\bin\verify.dll
0x00007ff98ad20000 - 0x00007ff98ad49000 	C:\Program Files\Android\Android Studio\jre\jre\bin\java.dll
0x00007ff994d40000 - 0x00007ff994d56000 	C:\Program Files\Android\Android Studio\jre\jre\bin\zip.dll
0x00007ff9a7f40000 - 0x00007ff9a8626000 	C:\WINDOWS\System32\SHELL32.dll
0x00007ff9a87f0000 - 0x00007ff9a8899000 	C:\WINDOWS\System32\shcore.dll
0x00007ff9a65a0000 - 0x00007ff9a6d22000 	C:\WINDOWS\System32\windows.storage.dll
0x00007ff9a5f70000 - 0x00007ff9a5f93000 	C:\WINDOWS\System32\profapi.dll
0x00007ff9a5ee0000 - 0x00007ff9a5f2a000 	C:\WINDOWS\System32\powrprof.dll
0x00007ff9a5ed0000 - 0x00007ff9a5ee0000 	C:\WINDOWS\System32\UMPDC.dll
0x00007ff9a7b00000 - 0x00007ff9a7b52000 	C:\WINDOWS\System32\shlwapi.dll
0x00007ff9a5f50000 - 0x00007ff9a5f61000 	C:\WINDOWS\System32\kernel.appcore.dll
0x00007ff9a70b0000 - 0x00007ff9a70c7000 	C:\WINDOWS\System32\cryptsp.dll
0x00007ff98ad00000 - 0x00007ff98ad1a000 	C:\Program Files\Android\Android Studio\jre\jre\bin\net.dll
0x00007ff9a5740000 - 0x00007ff9a57a7000 	C:\WINDOWS\system32\mswsock.dll
0x00007ff98ab10000 - 0x00007ff98ab21000 	C:\Program Files\Android\Android Studio\jre\jre\bin\nio.dll
0x00007ff9957e0000 - 0x00007ff9957fe000 	C:\Users\ellio\.gradle\native\25\windows-amd64\native-platform.dll
0x00007ff999f60000 - 0x00007ff999f6d000 	C:\Program Files\Android\Android Studio\jre\jre\bin\management.dll
0x00007ff9a52b0000 - 0x00007ff9a52e3000 	C:\WINDOWS\system32\rsaenh.dll
0x00007ff9a6570000 - 0x00007ff9a6596000 	C:\WINDOWS\System32\bcrypt.dll
0x00007ff9a5dc0000 - 0x00007ff9a5de5000 	C:\WINDOWS\SYSTEM32\USERENV.dll
0x00007ff9a5910000 - 0x00007ff9a591c000 	C:\WINDOWS\SYSTEM32\CRYPTBASE.dll
0x00007ff9a5450000 - 0x00007ff9a548a000 	C:\WINDOWS\SYSTEM32\IPHLPAPI.DLL
0x00007ff9a8ea0000 - 0x00007ff9a8ea8000 	C:\WINDOWS\System32\NSI.dll
0x00007ff99b120000 - 0x00007ff99b136000 	C:\WINDOWS\SYSTEM32\dhcpcsvc6.DLL
0x00007ff99b100000 - 0x00007ff99b11c000 	C:\WINDOWS\SYSTEM32\dhcpcsvc.DLL
0x00007ff9a5490000 - 0x00007ff9a555b000 	C:\WINDOWS\SYSTEM32\DNSAPI.dll
0x00007ff9847a0000 - 0x00007ff9847c4000 	C:\Program Files\Android\Android Studio\jre\jre\bin\sunec.dll
0x00007ff990710000 - 0x00007ff99071a000 	C:\Windows\System32\rasadhlp.dll
0x00007ff9984f0000 - 0x00007ff998567000 	C:\WINDOWS\System32\fwpuclnt.dll
0x00007ff995860000 - 0x00007ff99586b000 	C:\Program Files\Android\Android Studio\jre\jre\bin\sunmscapi.dll
0x00007ff9a5fa0000 - 0x00007ff9a60e9000 	C:\WINDOWS\System32\CRYPT32.dll
0x00007ff9a5f30000 - 0x00007ff9a5f42000 	C:\WINDOWS\System32\MSASN1.dll
0x00007ff9a0c70000 - 0x00007ff9a0cff000 	C:\WINDOWS\system32\apphelp.dll

VM Arguments:
jvm_args: -Xmx1536m -Dfile.encoding=windows-1252 -Duser.country=GB -Duser.language=en -Duser.variant 
java_command: org.gradle.launcher.daemon.bootstrap.GradleDaemon 5.1.1
java_class_path (initial): C:\Users\ellio\.gradle\wrapper\dists\gradle-5.1.1-all\97z1ksx6lirer3kbvdnh7jtjg\gradle-5.1.1\lib\gradle-launcher-5.1.1.jar
Launcher Type: SUN_STANDARD

Environment Variables:
PATH=C:\Program Files\NVIDIA GPU Computing Toolkit\CUDA\v10.2\bin;C:\Program Files\NVIDIA GPU Computing Toolkit\CUDA\v10.2\libnvvp;C:\Program Files\NVIDIA GPU Computing Toolkit\CUDA\v10.0\bin;C:\Program Files\NVIDIA GPU Computing Toolkit\CUDA\v10.0\libnvvp;C:\Program Files (x86)\Common Files\Intel\Shared Libraries\redist\intel64\compiler;C:\WINDOWS\system32;C:\WINDOWS;C:\WINDOWS\System32\Wbem;C:\WINDOWS\System32\WindowsPowerShell\v1.0\;C:\WINDOWS\System32\OpenSSH\;C:\Program Files (x86)\NVIDIA Corporation\PhysX\Common;C:\Program Files\Git\cmd;C:\Users\ellio\AppData\Local\Google\Cloud SDK\google-cloud-sdk\bin;C:\Program Files\NVIDIA Corporation\Nsight Compute 2019.5.0\;C:\Program Files\NVIDIA Corporation\NVIDIA NvDLISR;C:\Users\ellio\adb-fastboot\platform-tools;C:\Users\ellio\AppData\Local\Microsoft\WindowsApps;C:\Program Files\JetBrains\IntelliJ IDEA 2019.1.3\bin;C:\Program Files\JetBrains\PyCharm 2019.1.3\bin;C:\Users\ellio\AppData\Local\atom\bin;C:\Users\ellio\AppData\Local\Microsoft\WindowsApps;C:\Users\ellio\AppData\Local\Google\Cloud SDK\google-cloud-sdk\bin
USERNAME=ellio
OS=Windows_NT
PROCESSOR_IDENTIFIER=Intel64 Family 6 Model 142 Stepping 10, GenuineIntel



---------------  S Y S T E M  ---------------

OS: Windows 10.0 , 64 bit Build 18362 (10.0.18362.959)

CPU:total 8 (initial active 8) (4 cores per cpu, 2 threads per core) family 6 model 142 stepping 10, cmov, cx8, fxsr, mmx, sse, sse2, sse3, ssse3, sse4.1, sse4.2, popcnt, avx, avx2, aes, clmul, erms, 3dnowpref, lzcnt, ht, tsc, tscinvbit, bmi1, bmi2, adx

Memory: 4k page, physical 8218700k(299636k free), swap 14510156k(4812k free)

vm_info: OpenJDK 64-Bit Server VM (25.152-b01) for windows-amd64 JRE (1.8.0_152-release-1343-b01), built by "builder" with MS VC++ 10.0 (VS2010)

time: Tue Aug 04 00:40:03 2020
elapsed time: 1356 seconds (0d 0h 22m 36s)

