#
# There is insufficient memory for the Java Runtime Environment to continue.
# Native memory allocation (malloc) failed to allocate 949216 bytes for Chunk::new
# Possible reasons:
#   The system is out of physical RAM or swap space
#   The process is running with CompressedOops enabled, and the Java Heap may be blocking the growth of the native heap
# Possible solutions:
#   Reduce memory load on the system
#   Increase physical memory or swap space
#   Check if swap backing store is full
#   Decrease Java heap size (-Xmx/-Xms)
#   Decrease number of Java threads
#   Decrease Java thread stack sizes (-Xss)
#   Set larger code cache with -XX:ReservedCodeCacheSize=
#   JVM is running with Unscaled Compressed Oops mode in which the Java heap is
#     placed in the first 4GB address space. The Java Heap base address is the
#     maximum limit for the native heap growth. Please use -XX:HeapBaseMinAddress
#     to set the Java Heap base and to place the Java Heap above 4GB virtual address.
# This output file may be truncated or incomplete.
#
#  Out of Memory Error (allocation.cpp:389), pid=12428, tid=0x0000000000005f54
#
# JRE version: OpenJDK Runtime Environment (8.0_242-b01) (build 1.8.0_242-release-1644-b01)
# Java VM: OpenJDK 64-Bit Server VM (25.242-b01 mixed mode windows-amd64 compressed oops)
# Failed to write core dump. Minidumps are not enabled by default on client versions of Windows
#

---------------  T H R E A D  ---------------

Current thread (0x00000000189a2000):  JavaThread "C2 CompilerThread0" daemon [_thread_in_native, id=24404, stack(0x0000000019270000,0x0000000019370000)]

Stack: [0x0000000019270000,0x0000000019370000]
[error occurred during error reporting (printing stack bounds), id 0xc0000005]

Native frames: (J=compiled Java code, j=interpreted, Vv=VM code, C=native code)


Current CompileTask:
C2:   8951 5995       4       org.gradle.internal.logging.sink.OutputEventTransformer::onOutput (399 bytes)


---------------  P R O C E S S  ---------------

Java Threads: ( => current thread )
  0x000000001be98800 JavaThread "Build operations Thread 8" [_thread_in_native, id=24672, stack(0x0000000024d00000,0x0000000024e00000)]
  0x000000001be97800 JavaThread "Build operations Thread 7" [_thread_in_native, id=24668, stack(0x00000000249c0000,0x0000000024ac0000)]
  0x000000001be9d800 JavaThread "Build operations Thread 6" [_thread_in_native, id=24664, stack(0x00000000248c0000,0x00000000249c0000)]
  0x000000001be9d000 JavaThread "Build operations Thread 5" [_thread_in_native, id=24660, stack(0x00000000246c0000,0x00000000247c0000)]
  0x000000001be95000 JavaThread "Build operations Thread 4" [_thread_in_Java, id=24656, stack(0x00000000245c0000,0x00000000246c0000)]
  0x000000001be9a000 JavaThread "Build operations Thread 3" [_thread_in_native, id=24652, stack(0x00000000244c0000,0x00000000245c0000)]
  0x000000001be96000 JavaThread "Build operations Thread 2" [_thread_in_native, id=23544, stack(0x0000000022ee0000,0x0000000022fe0000)]
  0x000000001be9c000 JavaThread "Build operations" [_thread_in_native, id=4724, stack(0x0000000020370000,0x0000000020470000)]
  0x000000001b4a8800 JavaThread "Cache worker for execution history cache (C:\Users\ellio\.gradle\caches\6.1.1\executionHistory)" [_thread_blocked, id=19240, stack(0x000000001fe30000,0x000000001ff30000)]
  0x000000001b4a3800 JavaThread "Cache worker for cache directory md-rule (C:\Users\ellio\.gradle\caches\6.1.1\md-rule)" [_thread_blocked, id=13648, stack(0x000000001fd30000,0x000000001fe30000)]
  0x000000001b4a8000 JavaThread "Cache worker for cache directory md-supplier (C:\Users\ellio\.gradle\caches\6.1.1\md-supplier)" [_thread_blocked, id=19400, stack(0x000000001fc30000,0x000000001fd30000)]
  0x000000001b4a5000 JavaThread "Cache worker for file hash cache (C:\Users\ellio\AndroidStudioProjects\BarcodeScanner\.gradle\6.1.1\fileHashes)" [_thread_blocked, id=23412, stack(0x0000000020270000,0x0000000020370000)]
  0x000000001b4a7000 JavaThread "Cache worker for checksums cache (C:\Users\ellio\AndroidStudioProjects\BarcodeScanner\.gradle\checksums)" [_thread_blocked, id=21232, stack(0x0000000020170000,0x0000000020270000)]
  0x000000001b4aa800 JavaThread "Cache worker for file hash cache (C:\Users\ellio\.gradle\caches\6.1.1\fileHashes)" [_thread_blocked, id=14468, stack(0x000000001d790000,0x000000001d890000)]
  0x000000001b4a9800 JavaThread "File lock request listener" [_thread_in_native, id=19644, stack(0x000000001d690000,0x000000001d790000)]
  0x000000001b4a4000 JavaThread "Cache worker for journal cache (C:\Users\ellio\.gradle\caches\journal-1)" [_thread_blocked, id=17256, stack(0x000000001d590000,0x000000001d690000)]
  0x000000001b4e3800 JavaThread "Thread-9" [_thread_blocked, id=14780, stack(0x000000001d290000,0x000000001d390000)]
  0x000000001b4f1000 JavaThread "Stdin handler" [_thread_blocked, id=20888, stack(0x000000001d190000,0x000000001d290000)]
  0x000000001b4ea000 JavaThread "Asynchronous log dispatcher for DefaultDaemonConnection: socket connection from /127.0.0.1:51698 to /127.0.0.1:51699" [_thread_blocked, id=23468, stack(0x000000001cf90000,0x000000001d090000)]
  0x000000001b4e8000 JavaThread "Daemon worker" [_thread_blocked, id=24588, stack(0x000000001ce90000,0x000000001cf90000)]
  0x000000001b4c0800 JavaThread "Cancel handler" [_thread_blocked, id=24584, stack(0x000000001cd90000,0x000000001ce90000)]
  0x000000001b43a000 JavaThread "Handler for socket connection from /127.0.0.1:51698 to /127.0.0.1:51699" [_thread_in_native, id=24580, stack(0x000000001ca90000,0x000000001cb90000)]
  0x000000001b435000 JavaThread "Daemon" [_thread_blocked, id=23556, stack(0x000000001c990000,0x000000001ca90000)]
  0x000000001b41b800 JavaThread "Daemon periodic checks" [_thread_blocked, id=6096, stack(0x000000001c890000,0x000000001c990000)]
  0x000000001b41a000 JavaThread "Incoming local TCP Connector on port 51698" [_thread_in_native, id=22592, stack(0x000000001c650000,0x000000001c750000)]
  0x000000001b3a9800 JavaThread "Daemon health stats" [_thread_blocked, id=23196, stack(0x000000001c010000,0x000000001c110000)]
  0x0000000018a32000 JavaThread "Service Thread" daemon [_thread_blocked, id=12776, stack(0x0000000019670000,0x0000000019770000)]
  0x00000000189b2000 JavaThread "C1 CompilerThread3" daemon [_thread_blocked, id=15036, stack(0x0000000019570000,0x0000000019670000)]
  0x00000000189aa800 JavaThread "C2 CompilerThread2" daemon [_thread_in_native, id=22956, stack(0x0000000019470000,0x0000000019570000)]
  0x00000000189a8000 JavaThread "C2 CompilerThread1" daemon [_thread_in_native, id=24512, stack(0x0000000019370000,0x0000000019470000)]
=>0x00000000189a2000 JavaThread "C2 CompilerThread0" daemon [_thread_in_native, id=24404, stack(0x0000000019270000,0x0000000019370000)]
  0x00000000189a0000 JavaThread "Attach Listener" daemon [_thread_blocked, id=23588, stack(0x0000000019170000,0x0000000019270000)]
  0x000000001899f000 JavaThread "Signal Dispatcher" daemon [_thread_blocked, id=24136, stack(0x0000000019070000,0x0000000019170000)]
  0x0000000018991000 JavaThread "Finalizer" daemon [_thread_blocked, id=10232, stack(0x0000000018e70000,0x0000000018f70000)]
  0x0000000002dc8800 JavaThread "Reference Handler" daemon [_thread_blocked, id=21112, stack(0x0000000018d70000,0x0000000018e70000)]
  0x0000000002cce000 JavaThread "main" [_thread_blocked, id=2740, stack(0x0000000002b40000,0x0000000002c40000)]

Other Threads:
  0x0000000016b87000 VMThread [stack: 0x0000000018870000,0x0000000018970000] [id=10204]
  0x0000000018a33000 WatcherThread [stack: 0x0000000019770000,0x0000000019870000] [id=22876]

VM state:not at safepoint (normal execution)

VM Mutex/Monitor currently owned by a thread: None

heap address: 0x00000000a0000000, size: 1536 MB, Compressed Oops mode: 32-bit
Narrow klass base: 0x0000000000000000, Narrow klass shift: 3
Compressed class space size: 1073741824 Address: 0x0000000100000000

Heap:
 PSYoungGen      total 135680K, used 95763K [0x00000000e0000000, 0x00000000eb880000, 0x0000000100000000)
  eden space 127488K, 68% used [0x00000000e0000000,0x00000000e5590b98,0x00000000e7c80000)
  from space 8192K, 99% used [0x00000000e8900000,0x00000000e90f40a0,0x00000000e9100000)
  to   space 12800K, 0% used [0x00000000e7c80000,0x00000000e7c80000,0x00000000e8900000)
 ParOldGen       total 71680K, used 18109K [0x00000000a0000000, 0x00000000a4600000, 0x00000000e0000000)
  object space 71680K, 25% used [0x00000000a0000000,0x00000000a11af5c8,0x00000000a4600000)
 Metaspace       used 42791K, capacity 43916K, committed 44072K, reserved 1087488K
  class space    used 5573K, capacity 5865K, committed 5936K, reserved 1048576K

Card table byte_map: [0x0000000012190000,0x00000000124a0000] byte_map_base: 0x0000000011c90000

Marking Bits: (ParMarkBitMap*) 0x000000006afff030
 Begin Bits: [0x0000000012ea0000, 0x00000000146a0000)
 End Bits:   [0x00000000146a0000, 0x0000000015ea0000)

Polling page: 0x00000000012a0000

CodeCache: size=245760Kb used=18919Kb max_used=18932Kb free=226840Kb
 bounds [0x0000000002dd0000, 0x0000000004070000, 0x0000000011dd0000]
 total_blobs=6203 nmethods=5439 adapters=677
 compilation: enabled

Compilation events (10 events):
Event: 8.722 Thread 0x00000000189aa800 6010       4       sun.nio.fs.WindowsPath::elementAsString (62 bytes)
Event: 8.726 Thread 0x00000000189b2000 6011       3       org.apache.http.protocol.ImmutableHttpProcessor::process (41 bytes)
Event: 8.727 Thread 0x00000000189b2000 nmethod 6011 0x00000000040352d0 code [0x0000000004035440, 0x0000000004035748]
Event: 8.738 Thread 0x00000000189aa800 nmethod 6010 0x000000000403b810 code [0x000000000403b9c0, 0x000000000403c268]
Event: 8.754 Thread 0x00000000189aa800 6012       4       org.gradle.internal.dispatch.ProxyDispatchAdapter$DispatchingInvocationHandler::invoke (184 bytes)
Event: 8.762 Thread 0x00000000189b2000 6015       3       org.apache.http.message.TokenParser::isWhitespace (30 bytes)
Event: 8.762 Thread 0x00000000189b2000 nmethod 6015 0x000000000403b410 code [0x000000000403b560, 0x000000000403b790]
Event: 8.762 Thread 0x00000000189b2000 6017       2       org.apache.http.client.utils.URLEncodedUtils::urlDecode (183 bytes)
Event: 8.763 Thread 0x00000000189a8000 nmethod 6008 0x00000000040430d0 code [0x00000000040432a0, 0x0000000004044c58]
Event: 8.764 Thread 0x00000000189a8000 6014       4       java.nio.Buffer::hasRemaining (17 bytes)

GC Heap History (10 events):
Event: 2.387 GC heap before
{Heap before GC invocations=8 (full 1):
 PSYoungGen      total 75776K, used 3924K [0x00000000e0000000, 0x00000000e9400000, 0x0000000100000000)
  eden space 64512K, 0% used [0x00000000e0000000,0x00000000e0000000,0x00000000e3f00000)
  from space 11264K, 34% used [0x00000000e3f00000,0x00000000e42d5040,0x00000000e4a00000)
  to   space 11264K, 0% used [0x00000000e8900000,0x00000000e8900000,0x00000000e9400000)
 ParOldGen       total 86016K, used 9643K [0x00000000a0000000, 0x00000000a5400000, 0x00000000e0000000)
  object space 86016K, 11% used [0x00000000a0000000,0x00000000a096aff0,0x00000000a5400000)
 Metaspace       used 20692K, capacity 21256K, committed 21296K, reserved 1067008K
  class space    used 2905K, capacity 3116K, committed 3120K, reserved 1048576K
Event: 2.413 GC heap after
Heap after GC invocations=8 (full 1):
 PSYoungGen      total 75776K, used 0K [0x00000000e0000000, 0x00000000e9400000, 0x0000000100000000)
  eden space 64512K, 0% used [0x00000000e0000000,0x00000000e0000000,0x00000000e3f00000)
  from space 11264K, 0% used [0x00000000e3f00000,0x00000000e3f00000,0x00000000e4a00000)
  to   space 11264K, 0% used [0x00000000e8900000,0x00000000e8900000,0x00000000e9400000)
 ParOldGen       total 47616K, used 6928K [0x00000000a0000000, 0x00000000a2e80000, 0x00000000e0000000)
  object space 47616K, 14% used [0x00000000a0000000,0x00000000a06c4148,0x00000000a2e80000)
 Metaspace       used 20692K, capacity 21256K, committed 21296K, reserved 1067008K
  class space    used 2905K, capacity 3116K, committed 3120K, reserved 1048576K
}
Event: 2.942 GC heap before
{Heap before GC invocations=9 (full 1):
 PSYoungGen      total 75776K, used 64505K [0x00000000e0000000, 0x00000000e9400000, 0x0000000100000000)
  eden space 64512K, 99% used [0x00000000e0000000,0x00000000e3efe430,0x00000000e3f00000)
  from space 11264K, 0% used [0x00000000e3f00000,0x00000000e3f00000,0x00000000e4a00000)
  to   space 11264K, 0% used [0x00000000e8900000,0x00000000e8900000,0x00000000e9400000)
 ParOldGen       total 47616K, used 6928K [0x00000000a0000000, 0x00000000a2e80000, 0x00000000e0000000)
  object space 47616K, 14% used [0x00000000a0000000,0x00000000a06c4148,0x00000000a2e80000)
 Metaspace       used 28197K, capacity 28848K, committed 28976K, reserved 1075200K
  class space    used 3895K, capacity 4127K, committed 4144K, reserved 1048576K
Event: 2.952 GC heap after
Heap after GC invocations=9 (full 1):
 PSYoungGen      total 129024K, used 8173K [0x00000000e0000000, 0x00000000e9100000, 0x0000000100000000)
  eden space 120832K, 0% used [0x00000000e0000000,0x00000000e0000000,0x00000000e7600000)
  from space 8192K, 99% used [0x00000000e8900000,0x00000000e90fb698,0x00000000e9100000)
  to   space 11264K, 0% used [0x00000000e7b00000,0x00000000e7b00000,0x00000000e8600000)
 ParOldGen       total 47616K, used 6936K [0x00000000a0000000, 0x00000000a2e80000, 0x00000000e0000000)
  object space 47616K, 14% used [0x00000000a0000000,0x00000000a06c6148,0x00000000a2e80000)
 Metaspace       used 28197K, capacity 28848K, committed 28976K, reserved 1075200K
  class space    used 3895K, capacity 4127K, committed 4144K, reserved 1048576K
}
Event: 3.809 GC heap before
{Heap before GC invocations=10 (full 1):
 PSYoungGen      total 129024K, used 124702K [0x00000000e0000000, 0x00000000e9100000, 0x0000000100000000)
  eden space 120832K, 96% used [0x00000000e0000000,0x00000000e71cc428,0x00000000e7600000)
  from space 8192K, 99% used [0x00000000e8900000,0x00000000e90fb698,0x00000000e9100000)
  to   space 11264K, 0% used [0x00000000e7b00000,0x00000000e7b00000,0x00000000e8600000)
 ParOldGen       total 47616K, used 6936K [0x00000000a0000000, 0x00000000a2e80000, 0x00000000e0000000)
  object space 47616K, 14% used [0x00000000a0000000,0x00000000a06c6148,0x00000000a2e80000)
 Metaspace       used 34602K, capacity 35414K, committed 35496K, reserved 1079296K
  class space    used 4749K, capacity 4972K, committed 5040K, reserved 1048576K
Event: 3.820 GC heap after
Heap after GC invocations=10 (full 1):
 PSYoungGen      total 132096K, used 11252K [0x00000000e0000000, 0x00000000e9100000, 0x0000000100000000)
  eden space 120832K, 0% used [0x00000000e0000000,0x00000000e0000000,0x00000000e7600000)
  from space 11264K, 99% used [0x00000000e7b00000,0x00000000e85fd188,0x00000000e8600000)
  to   space 8192K, 0% used [0x00000000e8900000,0x00000000e8900000,0x00000000e9100000)
 ParOldGen       total 47616K, used 7437K [0x00000000a0000000, 0x00000000a2e80000, 0x00000000e0000000)
  object space 47616K, 15% used [0x00000000a0000000,0x00000000a0743408,0x00000000a2e80000)
 Metaspace       used 34602K, capacity 35414K, committed 35496K, reserved 1079296K
  class space    used 4749K, capacity 4972K, committed 5040K, reserved 1048576K
}
Event: 3.820 GC heap before
{Heap before GC invocations=11 (full 2):
 PSYoungGen      total 132096K, used 11252K [0x00000000e0000000, 0x00000000e9100000, 0x0000000100000000)
  eden space 120832K, 0% used [0x00000000e0000000,0x00000000e0000000,0x00000000e7600000)
  from space 11264K, 99% used [0x00000000e7b00000,0x00000000e85fd188,0x00000000e8600000)
  to   space 8192K, 0% used [0x00000000e8900000,0x00000000e8900000,0x00000000e9100000)
 ParOldGen       total 47616K, used 7437K [0x00000000a0000000, 0x00000000a2e80000, 0x00000000e0000000)
  object space 47616K, 15% used [0x00000000a0000000,0x00000000a0743408,0x00000000a2e80000)
 Metaspace       used 34602K, capacity 35414K, committed 35496K, reserved 1079296K
  class space    used 4749K, capacity 4972K, committed 5040K, reserved 1048576K
Event: 3.894 GC heap after
Heap after GC invocations=11 (full 2):
 PSYoungGen      total 132096K, used 0K [0x00000000e0000000, 0x00000000e9100000, 0x0000000100000000)
  eden space 120832K, 0% used [0x00000000e0000000,0x00000000e0000000,0x00000000e7600000)
  from space 11264K, 0% used [0x00000000e7b00000,0x00000000e7b00000,0x00000000e8600000)
  to   space 8192K, 0% used [0x00000000e8900000,0x00000000e8900000,0x00000000e9100000)
 ParOldGen       total 71680K, used 18029K [0x00000000a0000000, 0x00000000a4600000, 0x00000000e0000000)
  object space 71680K, 25% used [0x00000000a0000000,0x00000000a119b5b8,0x00000000a4600000)
 Metaspace       used 34602K, capacity 35414K, committed 35496K, reserved 1079296K
  class space    used 4749K, capacity 4972K, committed 5040K, reserved 1048576K
}
Event: 7.063 GC heap before
{Heap before GC invocations=12 (full 2):
 PSYoungGen      total 132096K, used 120832K [0x00000000e0000000, 0x00000000e9100000, 0x0000000100000000)
  eden space 120832K, 100% used [0x00000000e0000000,0x00000000e7600000,0x00000000e7600000)
  from space 11264K, 0% used [0x00000000e7b00000,0x00000000e7b00000,0x00000000e8600000)
  to   space 8192K, 0% used [0x00000000e8900000,0x00000000e8900000,0x00000000e9100000)
 ParOldGen       total 71680K, used 18029K [0x00000000a0000000, 0x00000000a4600000, 0x00000000e0000000)
  object space 71680K, 25% used [0x00000000a0000000,0x00000000a119b5b8,0x00000000a4600000)
 Metaspace       used 42054K, capacity 43092K, committed 43176K, reserved 1087488K
  class space    used 5494K, capacity 5765K, committed 5808K, reserved 1048576K
Event: 7.069 GC heap after
Heap after GC invocations=12 (full 2):
 PSYoungGen      total 135680K, used 8144K [0x00000000e0000000, 0x00000000eb880000, 0x0000000100000000)
  eden space 127488K, 0% used [0x00000000e0000000,0x00000000e0000000,0x00000000e7c80000)
  from space 8192K, 99% used [0x00000000e8900000,0x00000000e90f40a0,0x00000000e9100000)
  to   space 12800K, 0% used [0x00000000e7c80000,0x00000000e7c80000,0x00000000e8900000)
 ParOldGen       total 71680K, used 18109K [0x00000000a0000000, 0x00000000a4600000, 0x00000000e0000000)
  object space 71680K, 25% used [0x00000000a0000000,0x00000000a11af5c8,0x00000000a4600000)
 Metaspace       used 42054K, capacity 43092K, committed 43176K, reserved 1087488K
  class space    used 5494K, capacity 5765K, committed 5808K, reserved 1048576K
}

Deoptimization events (10 events):
Event: 6.692 Thread 0x000000001be98800 Uncommon trap: reason=unstable_if action=reinterpret pc=0x0000000003b10e88 method=com.sun.org.apache.xerces.internal.impl.XMLEntityScanner.scanName(Lcom/sun/org/apache/xerces/internal/impl/XMLScanner$NameType;)Ljava/lang/String; @ 69
Event: 6.978 Thread 0x000000001b4e8000 Uncommon trap: reason=class_check action=maybe_recompile pc=0x00000000032dd670 method=java.util.zip.InflaterInputStream.read([BII)I @ 100
Event: 6.978 Thread 0x000000001b4e8000 Uncommon trap: reason=class_check action=maybe_recompile pc=0x00000000032dd670 method=java.util.zip.InflaterInputStream.read([BII)I @ 100
Event: 6.978 Thread 0x000000001b4e8000 Uncommon trap: reason=class_check action=maybe_recompile pc=0x00000000032dd670 method=java.util.zip.InflaterInputStream.read([BII)I @ 100
Event: 7.528 Thread 0x000000001be97800 Uncommon trap: reason=unstable_if action=reinterpret pc=0x00000000033cc1ac method=com.sun.org.apache.xerces.internal.impl.XMLEntityScanner.scanChar(Lcom/sun/org/apache/xerces/internal/impl/XMLScanner$NameType;)I @ 59
Event: 7.528 Thread 0x000000001be97800 Uncommon trap: reason=unstable_if action=reinterpret pc=0x00000000039fa324 method=com.sun.org.apache.xerces.internal.impl.XMLEntityScanner.scanLiteral(ILcom/sun/org/apache/xerces/internal/xni/XMLString;Z)I @ 587
Event: 7.539 Thread 0x000000001b4e8000 Uncommon trap: reason=unstable_if action=reinterpret pc=0x0000000003c58a5c method=com.sun.org.apache.xerces.internal.impl.XMLDocumentFragmentScannerImpl$FragmentContentDriver.next()I @ 1140
Event: 7.642 Thread 0x000000001be95000 Uncommon trap: reason=unstable_if action=reinterpret pc=0x0000000003d59770 method=java.util.concurrent.ConcurrentLinkedQueue.poll()Ljava/lang/Object; @ 25
Event: 7.908 Thread 0x000000001b4e8000 Uncommon trap: reason=unstable_if action=reinterpret pc=0x0000000002f78fe0 method=com.esotericsoftware.kryo.io.Output.require(I)Z @ 10
Event: 8.762 Thread 0x000000001be9a000 Uncommon trap: reason=predicate action=maybe_recompile pc=0x0000000003df1fe0 method=org.apache.http.client.utils.URLEncodedUtils.urlDecode(Ljava/lang/String;Ljava/nio/charset/Charset;Z)Ljava/lang/String; @ 28

Classes redefined (0 events):
No events

Internal exceptions (10 events):
Event: 3.676 Thread 0x000000001b4e8000 Exception <a 'java/lang/NoSuchMethodError': java.lang.Object.lambda$thenComparing$36697e65$1(Ljava/util/Comparator;Ljava/lang/Object;Ljava/lang/Object;)I> (0x00000000e619e8b0) thrown at [C:\src\AOSP-openjdk-git\hotspot\src\share\vm\interpreter\linkResolve
Event: 3.678 Thread 0x000000001b4e8000 Exception <a 'java/lang/NoSuchMethodError': java.lang.Object.lambda$comparing$ea9a8b3a$1(Ljava/util/Comparator;Ljava/util/function/Function;Ljava/lang/Object;Ljava/lang/Object;)I> (0x00000000e61b5ac0) thrown at [C:\src\AOSP-openjdk-git\hotspot\src\share\v
Event: 3.805 Thread 0x000000001be9c000 Implicit null exception at 0x0000000003753422 to 0x0000000003753961
Event: 3.805 Thread 0x000000001b4e8000 Implicit null exception at 0x0000000003753422 to 0x0000000003753961
Event: 4.360 Thread 0x000000001be9c000 Implicit null exception at 0x0000000002ee0c58 to 0x0000000002ee0d9d
Event: 4.360 Thread 0x000000001b4e8000 Implicit null exception at 0x0000000002ee0c58 to 0x0000000002ee0d9d
Event: 4.475 Thread 0x000000001be9c000 Implicit null exception at 0x00000000030268d9 to 0x0000000003026c99
Event: 7.951 Thread 0x000000001b4e8000 Exception <a 'java/lang/NoSuchMethodError': java.lang.Object.lambda$static$0(Lorg/gradle/api/internal/artifacts/ivyservice/resolveengine/artifact/ArtifactVisitor;)V> (0x00000000e2912290) thrown at [C:\src\AOSP-openjdk-git\hotspot\src\share\vm\interpreter\
Event: 7.961 Thread 0x000000001be9c000 Exception <a 'java/net/SocketTimeoutException': Read timed out> (0x00000000e21febd0) thrown at [C:\src\AOSP-openjdk-git\hotspot\src\share\vm\prims\jni.cpp, line 737]
Event: 7.961 Thread 0x000000001be97800 Exception <a 'java/net/SocketTimeoutException': Read timed out> (0x00000000e1e8dc60) thrown at [C:\src\AOSP-openjdk-git\hotspot\src\share\vm\prims\jni.cpp, line 737]

Events (10 events):
Event: 8.460 loading class org/gradle/internal/resource/BuildOperationFiringExternalResourceDecorator$10 done
Event: 8.492 loading class org/apache/commons/io/Charsets
Event: 8.492 loading class org/apache/commons/io/Charsets done
Event: 8.715 Thread 0x000000001be97800 DEOPT PACKING pc=0x000000000339b924 sp=0x0000000024abd420
Event: 8.715 Thread 0x000000001be97800 DEOPT UNPACKING pc=0x0000000002e175d0 sp=0x0000000024abd2d8 mode 0
Event: 8.762 Thread 0x000000001be9a000 Uncommon trap: trap_request=0xffffff86 fr.pc=0x0000000003df1fe0
Event: 8.762 Thread 0x000000001be9a000 DEOPT PACKING pc=0x0000000003df1fe0 sp=0x00000000245bd120
Event: 8.762 Thread 0x000000001be9a000 DEOPT UNPACKING pc=0x0000000002e1557b sp=0x00000000245bd138 mode 2
Event: 8.763 loading class org/apache/http/impl/client/RedirectLocations
Event: 8.763 loading class org/apache/http/impl/client/RedirectLocations done


Dynamic libraries:
0x00007ff659310000 - 0x00007ff659341000 	C:\Program Files\Android\Android Studio\jre\bin\java.exe
0x00007ff9a9020000 - 0x00007ff9a9210000 	C:\WINDOWS\SYSTEM32\ntdll.dll
0x00007ff9a7b90000 - 0x00007ff9a7c42000 	C:\WINDOWS\System32\KERNEL32.DLL
0x00007ff9a62c0000 - 0x00007ff9a6564000 	C:\WINDOWS\System32\KERNELBASE.dll
0x00007ff9a8a80000 - 0x00007ff9a8b23000 	C:\WINDOWS\System32\ADVAPI32.dll
0x00007ff9a7ea0000 - 0x00007ff9a7f3e000 	C:\WINDOWS\System32\msvcrt.dll
0x00007ff9a7e00000 - 0x00007ff9a7e97000 	C:\WINDOWS\System32\sechost.dll
0x00007ff9a8eb0000 - 0x00007ff9a8fd0000 	C:\WINDOWS\System32\RPCRT4.dll
0x00007ff9a7c50000 - 0x00007ff9a7de4000 	C:\WINDOWS\System32\USER32.dll
0x00007ff9a60f0000 - 0x00007ff9a6111000 	C:\WINDOWS\System32\win32u.dll
0x00007ff9a7b60000 - 0x00007ff9a7b86000 	C:\WINDOWS\System32\GDI32.dll
0x00007ff9a6120000 - 0x00007ff9a62b6000 	C:\WINDOWS\System32\gdi32full.dll
0x00007ff9a6e40000 - 0x00007ff9a6ede000 	C:\WINDOWS\System32\msvcp_win.dll
0x00007ff9a6ee0000 - 0x00007ff9a6fda000 	C:\WINDOWS\System32\ucrtbase.dll
0x00007ff989480000 - 0x00007ff989704000 	C:\WINDOWS\WinSxS\amd64_microsoft.windows.common-controls_6595b64144ccf1df_6.0.18362.959_none_e6c7bbbf130c62bb\COMCTL32.dll
0x00007ff9a7350000 - 0x00007ff9a7685000 	C:\WINDOWS\System32\combase.dll
0x00007ff9a6fe0000 - 0x00007ff9a7060000 	C:\WINDOWS\System32\bcryptPrimitives.dll
0x00007ff9a70d0000 - 0x00007ff9a70fe000 	C:\WINDOWS\System32\IMM32.DLL
0x000000006a670000 - 0x000000006a742000 	C:\Program Files\Android\Android Studio\jre\jre\bin\msvcr100.dll
0x000000006a830000 - 0x000000006b07b000 	C:\Program Files\Android\Android Studio\jre\jre\bin\server\jvm.dll
0x00007ff9a7df0000 - 0x00007ff9a7df8000 	C:\WINDOWS\System32\PSAPI.DLL
0x00007ff992f80000 - 0x00007ff992f8a000 	C:\WINDOWS\SYSTEM32\VERSION.dll
0x00007ff97f6e0000 - 0x00007ff97f6e9000 	C:\WINDOWS\SYSTEM32\WSOCK32.dll
0x00007ff9a0950000 - 0x00007ff9a0974000 	C:\WINDOWS\SYSTEM32\WINMM.dll
0x00007ff9a8630000 - 0x00007ff9a869f000 	C:\WINDOWS\System32\WS2_32.dll
0x00007ff9a04b0000 - 0x00007ff9a04dd000 	C:\WINDOWS\SYSTEM32\WINMMBASE.dll
0x00007ff9a7060000 - 0x00007ff9a70aa000 	C:\WINDOWS\System32\cfgmgr32.dll
0x00007ff99a2a0000 - 0x00007ff99a2af000 	C:\Program Files\Android\Android Studio\jre\jre\bin\verify.dll
0x00007ff9958d0000 - 0x00007ff9958f9000 	C:\Program Files\Android\Android Studio\jre\jre\bin\java.dll
0x00007ff9957e0000 - 0x00007ff9957f6000 	C:\Program Files\Android\Android Studio\jre\jre\bin\zip.dll
0x00007ff9a7f40000 - 0x00007ff9a8626000 	C:\WINDOWS\System32\SHELL32.dll
0x00007ff9a87f0000 - 0x00007ff9a8899000 	C:\WINDOWS\System32\shcore.dll
0x00007ff9a65a0000 - 0x00007ff9a6d22000 	C:\WINDOWS\System32\windows.storage.dll
0x00007ff9a5f70000 - 0x00007ff9a5f93000 	C:\WINDOWS\System32\profapi.dll
0x00007ff9a5ee0000 - 0x00007ff9a5f2a000 	C:\WINDOWS\System32\powrprof.dll
0x00007ff9a5ed0000 - 0x00007ff9a5ee0000 	C:\WINDOWS\System32\UMPDC.dll
0x00007ff9a7b00000 - 0x00007ff9a7b52000 	C:\WINDOWS\System32\shlwapi.dll
0x00007ff9a5f50000 - 0x00007ff9a5f61000 	C:\WINDOWS\System32\kernel.appcore.dll
0x00007ff9a70b0000 - 0x00007ff9a70c7000 	C:\WINDOWS\System32\cryptsp.dll
0x00007ff994d40000 - 0x00007ff994d5a000 	C:\Program Files\Android\Android Studio\jre\jre\bin\net.dll
0x00007ff9a5740000 - 0x00007ff9a57a7000 	C:\WINDOWS\system32\mswsock.dll
0x00007ff98ad30000 - 0x00007ff98ad43000 	C:\Program Files\Android\Android Studio\jre\jre\bin\nio.dll
0x00007ff9957b0000 - 0x00007ff9957d6000 	C:\Users\ellio\.gradle\native\31\windows-amd64\native-platform.dll
0x00007ff999f60000 - 0x00007ff999f6d000 	C:\Program Files\Android\Android Studio\jre\jre\bin\management.dll
0x00007ff9a52b0000 - 0x00007ff9a52e3000 	C:\WINDOWS\system32\rsaenh.dll
0x00007ff9a6570000 - 0x00007ff9a6596000 	C:\WINDOWS\System32\bcrypt.dll
0x00007ff9a5dc0000 - 0x00007ff9a5de5000 	C:\WINDOWS\SYSTEM32\USERENV.dll
0x00007ff9a5910000 - 0x00007ff9a591c000 	C:\WINDOWS\SYSTEM32\CRYPTBASE.dll
0x00007ff9a5450000 - 0x00007ff9a548a000 	C:\WINDOWS\SYSTEM32\IPHLPAPI.DLL
0x00007ff9a8ea0000 - 0x00007ff9a8ea8000 	C:\WINDOWS\System32\NSI.dll
0x00007ff99b120000 - 0x00007ff99b136000 	C:\WINDOWS\SYSTEM32\dhcpcsvc6.DLL
0x00007ff99b100000 - 0x00007ff99b11c000 	C:\WINDOWS\SYSTEM32\dhcpcsvc.DLL
0x00007ff9a5490000 - 0x00007ff9a555b000 	C:\WINDOWS\SYSTEM32\DNSAPI.dll
0x00007ff986df0000 - 0x00007ff986e14000 	C:\Program Files\Android\Android Studio\jre\jre\bin\sunec.dll
0x00007ff990710000 - 0x00007ff99071a000 	C:\Windows\System32\rasadhlp.dll
0x00007ff9984f0000 - 0x00007ff998567000 	C:\WINDOWS\System32\fwpuclnt.dll
0x00007ff99c1f0000 - 0x00007ff99c1fb000 	C:\Program Files\Android\Android Studio\jre\jre\bin\sunmscapi.dll
0x00007ff9a5fa0000 - 0x00007ff9a60e9000 	C:\WINDOWS\System32\CRYPT32.dll
0x00007ff9a5f30000 - 0x00007ff9a5f42000 	C:\WINDOWS\System32\MSASN1.dll

VM Arguments:
jvm_args: -Xmx1536m -Dfile.encoding=windows-1252 -Duser.country=GB -Duser.language=en -Duser.variant 
java_command: org.gradle.launcher.daemon.bootstrap.GradleDaemon 6.1.1
java_class_path (initial): C:\Users\ellio\.gradle\wrapper\dists\gradle-6.1.1-all\cfmwm155h49vnt3hynmlrsdst\gradle-6.1.1\lib\gradle-launcher-6.1.1.jar
Launcher Type: SUN_STANDARD

Environment Variables:
PATH=C:\Program Files\NVIDIA GPU Computing Toolkit\CUDA\v10.2\bin;C:\Program Files\NVIDIA GPU Computing Toolkit\CUDA\v10.2\libnvvp;C:\Program Files\NVIDIA GPU Computing Toolkit\CUDA\v10.0\bin;C:\Program Files\NVIDIA GPU Computing Toolkit\CUDA\v10.0\libnvvp;C:\Program Files (x86)\Common Files\Intel\Shared Libraries\redist\intel64\compiler;C:\WINDOWS\system32;C:\WINDOWS;C:\WINDOWS\System32\Wbem;C:\WINDOWS\System32\WindowsPowerShell\v1.0\;C:\WINDOWS\System32\OpenSSH\;C:\Program Files (x86)\NVIDIA Corporation\PhysX\Common;C:\Program Files\Git\cmd;C:\Users\ellio\AppData\Local\Google\Cloud SDK\google-cloud-sdk\bin;C:\Program Files\NVIDIA Corporation\Nsight Compute 2019.5.0\;C:\Program Files\NVIDIA Corporation\NVIDIA NvDLISR;C:\Users\ellio\adb-fastboot\platform-tools;C:\Users\ellio\AppData\Local\Microsoft\WindowsApps;C:\Program Files\JetBrains\IntelliJ IDEA 2019.1.3\bin;C:\Program Files\JetBrains\PyCharm 2019.1.3\bin;C:\Users\ellio\AppData\Local\atom\bin;C:\Users\ellio\AppData\Local\Microsoft\WindowsApps;C:\Users\ellio\AppData\Local\Google\Cloud SDK\google-cloud-sdk\bin
USERNAME=ellio
OS=Windows_NT
PROCESSOR_IDENTIFIER=Intel64 Family 6 Model 142 Stepping 10, GenuineIntel



---------------  S Y S T E M  ---------------

OS: Windows 10.0 , 64 bit Build 18362 (10.0.18362.959)

CPU:total 8 (initial active 8) (4 cores per cpu, 2 threads per core) family 6 model 142 stepping 10, cmov, cx8, fxsr, mmx, sse, sse2, sse3, ssse3, sse4.1, sse4.2, popcnt, avx, avx2, aes, clmul, erms, 3dnowpref, lzcnt, ht, tsc, tscinvbit, bmi1, bmi2, adx

Memory: 4k page, physical 8218700k(652372k free), swap 14510156k(1880k free)

vm_info: OpenJDK 64-Bit Server VM (25.242-b01) for windows-amd64 JRE (1.8.0_242-release-1644-b01), built by "builder" with MS VC++ 10.0 (VS2010)

time: Tue Aug 04 13:09:34 2020
timezone: GMT Summer Time
elapsed time: 8 seconds (0d 0h 0m 8s)

